<?xml version="1.0" encoding="UTF-8"?>
<!-- Generated by org.testng.reporters.JUnitReportReporter -->
<testsuite hostname="DESKTOP-KME8V2E" failures="0" tests="3" name="com.ci_cd_selenium.firstproject.TestClass1" time="63.344" errors="0" timestamp="2023-07-02T11:58:32 MSK" skipped="0">
  <testcase classname="com.ci_cd_selenium.firstproject.TestClass1" name="test2" time="40.561"/>
  <system-out/>
  <testcase classname="com.ci_cd_selenium.firstproject.TestClass1" name="test1" time="12.860"/>
  <system-out/>
  <testcase classname="com.ci_cd_selenium.firstproject.TestClass1" name="test3" time="9.923"/>
  <system-out/>
</testsuite> <!-- com.ci_cd_selenium.firstproject.TestClass1 -->
