<?xml version="1.0" encoding="UTF-8"?>
<!-- Generated by org.testng.reporters.JUnitReportReporter -->
<testsuite hostname="DESKTOP-KME8V2E" failures="0" tests="3" name="com.ci_cd_selenium.firstproject.TestClass1" time="41.502" errors="0" timestamp="2023-07-22T10:39:54 MSK" skipped="0">
  <testcase classname="com.ci_cd_selenium.firstproject.TestClass1" name="test3" time="4.587"/>
  <system-out/>
  <testcase classname="com.ci_cd_selenium.firstproject.TestClass1" name="test1" time="6.032"/>
  <system-out/>
  <testcase classname="com.ci_cd_selenium.firstproject.TestClass1" name="test2" time="30.883"/>
  <system-out/>
</testsuite> <!-- com.ci_cd_selenium.firstproject.TestClass1 -->
