<?xml version="1.0" encoding="UTF-8"?>
<!-- Generated by org.testng.reporters.JUnitReportReporter -->
<testsuite hostname="DESKTOP-KME8V2E" failures="0" tests="3" name="com.ci_cd_selenium.firstproject.TestClass1" time="64.758" errors="0" timestamp="2023-06-25T13:10:14 MSK" skipped="0">
  <testcase classname="com.ci_cd_selenium.firstproject.TestClass1" name="test2" time="32.598"/>
  <system-out/>
  <testcase classname="com.ci_cd_selenium.firstproject.TestClass1" name="test1" time="17.480"/>
  <system-out/>
  <testcase classname="com.ci_cd_selenium.firstproject.TestClass1" name="test3" time="14.680"/>
  <system-out/>
</testsuite> <!-- com.ci_cd_selenium.firstproject.TestClass1 -->
