<?xml version="1.0" encoding="UTF-8"?>
<!-- Generated by org.testng.reporters.JUnitReportReporter -->
<testsuite hostname="DESKTOP-KME8V2E" failures="0" tests="3" name="com.ci_cd_selenium.firstproject.TestClass1" time="41.100" errors="0" timestamp="2023-07-02T09:59:44 MSK" skipped="0">
  <testcase classname="com.ci_cd_selenium.firstproject.TestClass1" name="test1" time="9.128"/>
  <system-out/>
  <testcase classname="com.ci_cd_selenium.firstproject.TestClass1" name="test2" time="23.072"/>
  <system-out/>
  <testcase classname="com.ci_cd_selenium.firstproject.TestClass1" name="test3" time="8.900"/>
  <system-out/>
</testsuite> <!-- com.ci_cd_selenium.firstproject.TestClass1 -->
